<?xml version="1.0" encoding="UTF-8"?>
<testsuite xmlns:xsi="http://www.w3.org/2001/XMLSchema-instance" xsi:noNamespaceSchemaLocation="https://maven.apache.org/surefire/maven-surefire-plugin/xsd/surefire-test-report.xsd" version="3.0.2" name="com.nolongerabandon.backend.modules.settings.SettingsControllerTest" time="0.373" tests="3" errors="0" skipped="0" failures="0">
  <properties>
[...]
</properties>
  <testcase name="shouldDeleteModelConfig" classname="com.nolongerabandon.backend.modules.settings.SettingsControllerTest" time="0.13">
    <system-out><![CDATA[2026-03-31T14:22:46.700+08:00  INFO 51261 --- [NoLongerAbandon] [           main] t.c.s.AnnotationConfigContextLoaderUtils : Could not detect default configuration classes for test class [com.nolongerabandon.backend.modules.settings.SettingsControllerTest]: SettingsControllerTest does not declare any static, non-private, non-final, nested classes annotated with @Configuration.
2026-03-31T14:22:46.706+08:00  INFO 51261 --- [NoLongerAbandon] [           main] .b.t.c.SpringBootTestContextBootstrapper : Found @SpringBootConfiguration com.nolongerabandon.backend.NoLongerAbandonApplication for test class com.nolongerabandon.backend.modules.settings.SettingsControllerTest

  .   ____          _            __ _ _
 /\\ / ___'_ __ _ _(_)_ __  __ _ \ \ \ \
( ( )\___ | '_ | '_| | '_ \/ _` | \ \ \ \
 \\/  ___)| |_)| | | | | || (_| |  ) ) ) )
  '  |____| .__|_| |_|_| |_\__, | / / / /
 =========|_|==============|___/=/_/_/_/

 :: Spring Boot ::                (v3.4.4)

2026-03-31T14:22:46.717+08:00  INFO 51261 --- [NoLongerAbandon] [           main] c.n.b.m.settings.SettingsControllerTest  : Starting SettingsControllerTest using Java 21.0.8 with PID 51261 (started by zhangjintao in /Users/zhangjintao/Project/NoLongerAbandon_new/backend)
2026-03-31T14:22:46.718+08:00  INFO 51261 --- [NoLongerAbandon] [           main] c.n.b.m.settings.SettingsControllerTest  : No active profile set, falling back to 1 default profile: "default"
Logging initialized using 'class org.apache.ibatis.logging.stdout.StdOutImpl' adapter.
Get /100.64.9.90 network interface 
Get network interface info: name:en0 (en0)
Initialization Sequence datacenterId:12 workerId:16
2026-03-31T14:22:46.806+08:00  INFO 51261 --- [NoLongerAbandon] [           main] com.zaxxer.hikari.HikariDataSource       : HikariPool-2 - Starting...
2026-03-31T14:22:46.806+08:00  INFO 51261 --- [NoLongerAbandon] [           main] com.zaxxer.hikari.pool.HikariPool        : HikariPool-2 - Added connection org.sqlite.jdbc4.JDBC4Connection@43b2e7db
2026-03-31T14:22:46.806+08:00  INFO 51261 --- [NoLongerAbandon] [           main] com.zaxxer.hikari.HikariDataSource       : HikariPool-2 - Start completed.
2026-03-31T14:22:46.875+08:00  INFO 51261 --- [NoLongerAbandon] [           main] o.s.b.t.m.w.SpringBootMockServletContext : Initializing Spring TestDispatcherServlet ''
2026-03-31T14:22:46.875+08:00  INFO 51261 --- [NoLongerAbandon] [           main] o.s.t.web.servlet.TestDispatcherServlet  : Initializing Servlet ''
2026-03-31T14:22:46.876+08:00  INFO 51261 --- [NoLongerAbandon] [           main] o.s.t.web.servlet.TestDispatcherServlet  : Completed initialization in 1 ms
2026-03-31T14:22:46.907+08:00  INFO 51261 --- [NoLongerAbandon] [           main] c.n.b.m.settings.SettingsControllerTest  : Started SettingsControllerTest in 0.198 seconds (process running for 1.961)
Creating a new SqlSession
Registering transaction synchronization for SqlSession [org.apache.ibatis.session.defaults.DefaultSqlSession@6b30ff23]
JDBC Connection [HikariProxyConnection@60182939 wrapping org.sqlite.jdbc4.JDBC4Connection@43b2e7db] will be managed by Spring
==>  Preparing: INSERT INTO model_config ( provider_name, display_name, base_url, model_name, api_key_encrypted, enabled, is_word_generation_default ) VALUES ( ?, ?, ?, ?, ?, ?, ? )
==> Parameters: openai(String), ToDelete(String), https://api.openai.com(String), gpt-4.1-mini(String), PQY/lLJu30yETBRfxzS7cs3m4+di6ZiexUk++sNrBI+nu1gAEITvB/gMu9Ojm+Uaig==(String), 1(Integer), 0(Integer)
<==    Updates: 1
Releasing transactional SqlSession [org.apache.ibatis.session.defaults.DefaultSqlSession@6b30ff23]
Fetched SqlSession [org.apache.ibatis.session.defaults.DefaultSqlSession@6b30ff23] from current transaction
==>  Preparing: SELECT id,provider_name,display_name,base_url,model_name,api_key_encrypted,enabled,is_word_generation_default,created_at,updated_at FROM model_config WHERE id=?
==> Parameters: 1(Long)
<==    Columns: id, provider_name, display_name, base_url, model_name, api_key_encrypted, enabled, is_word_generation_default, created_at, updated_at
<==        Row: 1, openai, ToDelete, https://api.openai.com, gpt-4.1-mini, PQY/lLJu30yETBRfxzS7cs3m4+di6ZiexUk++sNrBI+nu1gAEITvB/gMu9Ojm+Uaig==, 1, 0, 2026-03-31 06:22:46, 2026-03-31 06:22:46
<==      Total: 1
Releasing transactional SqlSession [org.apache.ibatis.session.defaults.DefaultSqlSession@6b30ff23]
Transaction synchronization committing SqlSession [org.apache.ibatis.session.defaults.DefaultSqlSession@6b30ff23]
Transaction synchronization deregistering SqlSession [org.apache.ibatis.session.defaults.DefaultSqlSession@6b30ff23]
Transaction synchronization closing SqlSession [org.apache.ibatis.session.defaults.DefaultSqlSession@6b30ff23]
Creating a new SqlSession
Registering transaction synchronization for SqlSession [org.apache.ibatis.session.defaults.DefaultSqlSession@4144d4a]
JDBC Connection [HikariProxyConnection@497983073 wrapping org.sqlite.jdbc4.JDBC4Connection@43b2e7db] will be managed by Spring
==>  Preparing: SELECT id,provider_name,display_name,base_url,model_name,api_key_encrypted,enabled,is_word_generation_default,created_at,updated_at FROM model_config WHERE id=?
==> Parameters: 1(Long)
<==    Columns: id, provider_name, display_name, base_url, model_name, api_key_encrypted, enabled, is_word_generation_default, created_at, updated_at
<==        Row: 1, openai, ToDelete, https://api.openai.com, gpt-4.1-mini, PQY/lLJu30yETBRfxzS7cs3m4+di6ZiexUk++sNrBI+nu1gAEITvB/gMu9Ojm+Uaig==, 1, 0, 2026-03-31 06:22:46, 2026-03-31 06:22:46
<==      Total: 1
Releasing transactional SqlSession [org.apache.ibatis.session.defaults.DefaultSqlSession@4144d4a]
Fetched SqlSession [org.apache.ibatis.session.defaults.DefaultSqlSession@4144d4a] from current transaction
==>  Preparing: DELETE FROM model_config WHERE id=?
==> Parameters: 1(Long)
<==    Updates: 1
Releasing transactional SqlSession [org.apache.ibatis.session.defaults.DefaultSqlSession@4144d4a]
Transaction synchronization committing SqlSession [org.apache.ibatis.session.defaults.DefaultSqlSession@4144d4a]
Transaction synchronization deregistering SqlSession [org.apache.ibatis.session.defaults.DefaultSqlSession@4144d4a]
Transaction synchronization closing SqlSession [org.apache.ibatis.session.defaults.DefaultSqlSession@4144d4a]
]]></system-out>
  </testcase>
  <testcase name="shouldKeepSingleWordGenerationDefaultModel" classname="com.nolongerabandon.backend.modules.settings.SettingsControllerTest" time="0.021">
    <system-out><![CDATA[Creating a new SqlSession
Registering transaction synchronization for SqlSession [org.apache.ibatis.session.defaults.DefaultSqlSession@92775a3]
JDBC Connection [HikariProxyConnection@866488267 wrapping org.sqlite.jdbc4.JDBC4Connection@43b2e7db] will be managed by Spring
==>  Preparing: UPDATE model_config SET is_word_generation_default=? WHERE (is_word_generation_default = ?)
==> Parameters: 0(Integer), 1(Integer)
<==    Updates: 0
Releasing transactional SqlSession [org.apache.ibatis.session.defaults.DefaultSqlSession@92775a3]
Fetched SqlSession [org.apache.ibatis.session.defaults.DefaultSqlSession@92775a3] from current transaction
==>  Preparing: INSERT INTO model_config ( provider_name, display_name, base_url, model_name, api_key_encrypted, enabled, is_word_generation_default ) VALUES ( ?, ?, ?, ?, ?, ?, ? )
==> Parameters: openai(String), OpenAI 4.1(String), https://api.openai.com(String), gpt-4.1-mini(String), dK22UvqngdJzHd9TtyJXTO/4076ETo44W3emSTQ43GO+J391f5xOxrolTOymITD+(String), 1(Integer), 1(Integer)
<==    Updates: 1
Releasing transactional SqlSession [org.apache.ibatis.session.defaults.DefaultSqlSession@92775a3]
Fetched SqlSession [org.apache.ibatis.session.defaults.DefaultSqlSession@92775a3] from current transaction
==>  Preparing: SELECT id,provider_name,display_name,base_url,model_name,api_key_encrypted,enabled,is_word_generation_default,created_at,updated_at FROM model_config WHERE id=?
==> Parameters: 2(Long)
<==    Columns: id, provider_name, display_name, base_url, model_name, api_key_encrypted, enabled, is_word_generation_default, created_at, updated_at
<==        Row: 2, openai, OpenAI 4.1, https://api.openai.com, gpt-4.1-mini, dK22UvqngdJzHd9TtyJXTO/4076ETo44W3emSTQ43GO+J391f5xOxrolTOymITD+, 1, 1, 2026-03-31 06:22:47, 2026-03-31 06:22:47
<==      Total: 1
Releasing transactional SqlSession [org.apache.ibatis.session.defaults.DefaultSqlSession@92775a3]
Transaction synchronization committing SqlSession [org.apache.ibatis.session.defaults.DefaultSqlSession@92775a3]
Transaction synchronization deregistering SqlSession [org.apache.ibatis.session.defaults.DefaultSqlSession@92775a3]
Transaction synchronization closing SqlSession [org.apache.ibatis.session.defaults.DefaultSqlSession@92775a3]
Creating a new SqlSession
Registering transaction synchronization for SqlSession [org.apache.ibatis.session.defaults.DefaultSqlSession@951461a]
JDBC Connection [HikariProxyConnection@1747087615 wrapping org.sqlite.jdbc4.JDBC4Connection@43b2e7db] will be managed by Spring
==>  Preparing: UPDATE model_config SET is_word_generation_default=? WHERE (is_word_generation_default = ?)
==> Parameters: 0(Integer), 1(Integer)
<==    Updates: 1
Releasing transactional SqlSession [org.apache.ibatis.session.defaults.DefaultSqlSession@951461a]
Fetched SqlSession [org.apache.ibatis.session.defaults.DefaultSqlSession@951461a] from current transaction
==>  Preparing: INSERT INTO model_config ( provider_name, display_name, base_url, model_name, api_key_encrypted, enabled, is_word_generation_default ) VALUES ( ?, ?, ?, ?, ?, ?, ? )
==> Parameters: openai(String), OpenAI 4.1 Nano(String), https://api.openai.com(String), gpt-4.1-nano(String), bMXh2Cw36Y187Glz6y1GiXFSTrn/+adpKdR2nG+DhKPDw+Jb324lB6eqEC7Yec0irg==(String), 1(Integer), 1(Integer)
<==    Updates: 1
Releasing transactional SqlSession [org.apache.ibatis.session.defaults.DefaultSqlSession@951461a]
Fetched SqlSession [org.apache.ibatis.session.defaults.DefaultSqlSession@951461a] from current transaction
==>  Preparing: SELECT id,provider_name,display_name,base_url,model_name,api_key_encrypted,enabled,is_word_generation_default,created_at,updated_at FROM model_config WHERE id=?
==> Parameters: 3(Long)
<==    Columns: id, provider_name, display_name, base_url, model_name, api_key_encrypted, enabled, is_word_generation_default, created_at, updated_at
<==        Row: 3, openai, OpenAI 4.1 Nano, https://api.openai.com, gpt-4.1-nano, bMXh2Cw36Y187Glz6y1GiXFSTrn/+adpKdR2nG+DhKPDw+Jb324lB6eqEC7Yec0irg==, 1, 1, 2026-03-31 06:22:47, 2026-03-31 06:22:47
<==      Total: 1
Releasing transactional SqlSession [org.apache.ibatis.session.defaults.DefaultSqlSession@951461a]
Transaction synchronization committing SqlSession [org.apache.ibatis.session.defaults.DefaultSqlSession@951461a]
Transaction synchronization deregistering SqlSession [org.apache.ibatis.session.defaults.DefaultSqlSession@951461a]
Transaction synchronization closing SqlSession [org.apache.ibatis.session.defaults.DefaultSqlSession@951461a]
Creating a new SqlSession
SqlSession [org.apache.ibatis.session.defaults.DefaultSqlSession@7866fe3e] was not registered for synchronization because synchronization is not active
JDBC Connection [HikariProxyConnection@712723382 wrapping org.sqlite.jdbc4.JDBC4Connection@43b2e7db] will not be managed by Spring
==>  Preparing: SELECT id,provider_name,display_name,base_url,model_name,api_key_encrypted,enabled,is_word_generation_default,created_at,updated_at FROM model_config ORDER BY is_word_generation_default DESC,id DESC
==> Parameters: 
<==    Columns: id, provider_name, display_name, base_url, model_name, api_key_encrypted, enabled, is_word_generation_default, created_at, updated_at
<==        Row: 3, openai, OpenAI 4.1 Nano, https://api.openai.com, gpt-4.1-nano, bMXh2Cw36Y187Glz6y1GiXFSTrn/+adpKdR2nG+DhKPDw+Jb324lB6eqEC7Yec0irg==, 1, 1, 2026-03-31 06:22:47, 2026-03-31 06:22:47
<==        Row: 2, openai, OpenAI 4.1, https://api.openai.com, gpt-4.1-mini, dK22UvqngdJzHd9TtyJXTO/4076ETo44W3emSTQ43GO+J391f5xOxrolTOymITD+, 1, 0, 2026-03-31 06:22:47, 2026-03-31 06:22:47
<==      Total: 2
Closing non transactional SqlSession [org.apache.ibatis.session.defaults.DefaultSqlSession@7866fe3e]
]]></system-out>
  </testcase>
  <testcase name="shouldReadAndUpdateUserProfile" classname="com.nolongerabandon.backend.modules.settings.SettingsControllerTest" time="0.012">
    <system-out><![CDATA[Creating a new SqlSession
SqlSession [org.apache.ibatis.session.defaults.DefaultSqlSession@787b7796] was not registered for synchronization because synchronization is not active
JDBC Connection [HikariProxyConnection@168703427 wrapping org.sqlite.jdbc4.JDBC4Connection@43b2e7db] will not be managed by Spring
==>  Preparing: SELECT id,nickname,profile_markdown,allow_ai_read_profile,updated_at FROM user_profile ORDER BY id ASC LIMIT 1
==> Parameters: 
<==      Total: 0
Closing non transactional SqlSession [org.apache.ibatis.session.defaults.DefaultSqlSession@787b7796]
Creating a new SqlSession
SqlSession [org.apache.ibatis.session.defaults.DefaultSqlSession@1d7f0cd0] was not registered for synchronization because synchronization is not active
JDBC Connection [HikariProxyConnection@844789788 wrapping org.sqlite.jdbc4.JDBC4Connection@43b2e7db] will not be managed by Spring
==>  Preparing: INSERT INTO user_profile ( allow_ai_read_profile ) VALUES ( ? )
==> Parameters: 0(Integer)
<==    Updates: 1
Closing non transactional SqlSession [org.apache.ibatis.session.defaults.DefaultSqlSession@1d7f0cd0]
Creating a new SqlSession
SqlSession [org.apache.ibatis.session.defaults.DefaultSqlSession@113e6e06] was not registered for synchronization because synchronization is not active
JDBC Connection [HikariProxyConnection@1793450447 wrapping org.sqlite.jdbc4.JDBC4Connection@43b2e7db] will not be managed by Spring
==>  Preparing: SELECT id,nickname,profile_markdown,allow_ai_read_profile,updated_at FROM user_profile WHERE id=?
==> Parameters: 1(Long)
<==    Columns: id, nickname, profile_markdown, allow_ai_read_profile, updated_at
<==        Row: 1, null, null, 0, 2026-03-31 06:22:47
<==      Total: 1
Closing non transactional SqlSession [org.apache.ibatis.session.defaults.DefaultSqlSession@113e6e06]
Creating a new SqlSession
Registering transaction synchronization for SqlSession [org.apache.ibatis.session.defaults.DefaultSqlSession@65871cfd]
JDBC Connection [HikariProxyConnection@1004308853 wrapping org.sqlite.jdbc4.JDBC4Connection@43b2e7db] will be managed by Spring
==>  Preparing: SELECT id,nickname,profile_markdown,allow_ai_read_profile,updated_at FROM user_profile ORDER BY id ASC LIMIT 1
==> Parameters: 
<==    Columns: id, nickname, profile_markdown, allow_ai_read_profile, updated_at
<==        Row: 1, null, null, 0, 2026-03-31 06:22:47
<==      Total: 1
Releasing transactional SqlSession [org.apache.ibatis.session.defaults.DefaultSqlSession@65871cfd]
Fetched SqlSession [org.apache.ibatis.session.defaults.DefaultSqlSession@65871cfd] from current transaction
==>  Preparing: UPDATE user_profile SET nickname=?, profile_markdown=?, allow_ai_read_profile=?, updated_at=? WHERE id=?
==> Parameters: Jintao(String), - 关注英语学习
- 偏好简洁解释(String), 1(Integer), 2026-03-31 06:22:47(String), 1(Long)
<==    Updates: 1
Releasing transactional SqlSession [org.apache.ibatis.session.defaults.DefaultSqlSession@65871cfd]
Fetched SqlSession [org.apache.ibatis.session.defaults.DefaultSqlSession@65871cfd] from current transaction
==>  Preparing: SELECT id,nickname,profile_markdown,allow_ai_read_profile,updated_at FROM user_profile WHERE id=?
==> Parameters: 1(Long)
<==    Columns: id, nickname, profile_markdown, allow_ai_read_profile, updated_at
<==        Row: 1, Jintao, - 关注英语学习
- 偏好简洁解释, 1, 2026-03-31 06:22:47
<==      Total: 1
Releasing transactional SqlSession [org.apache.ibatis.session.defaults.DefaultSqlSession@65871cfd]
Transaction synchronization committing SqlSession [org.apache.ibatis.session.defaults.DefaultSqlSession@65871cfd]
Transaction synchronization deregistering SqlSession [org.apache.ibatis.session.defaults.DefaultSqlSession@65871cfd]
Transaction synchronization closing SqlSession [org.apache.ibatis.session.defaults.DefaultSqlSession@65871cfd]
Creating a new SqlSession
SqlSession [org.apache.ibatis.session.defaults.DefaultSqlSession@7a57c5d9] was not registered for synchronization because synchronization is not active
JDBC Connection [HikariProxyConnection@1948950538 wrapping org.sqlite.jdbc4.JDBC4Connection@43b2e7db] will not be managed by Spring
==>  Preparing: SELECT id,nickname,profile_markdown,allow_ai_read_profile,updated_at FROM user_profile ORDER BY id ASC LIMIT 1
==> Parameters: 
<==    Columns: id, nickname, profile_markdown, allow_ai_read_profile, updated_at
<==        Row: 1, Jintao, - 关注英语学习
- 偏好简洁解释, 1, 2026-03-31 06:22:47
<==      Total: 1
Closing non transactional SqlSession [org.apache.ibatis.session.defaults.DefaultSqlSession@7a57c5d9]
]]></system-out>
  </testcase>
</testsuite>