<?xml version="1.0" encoding="UTF-8"?>
<testsuite xmlns:xsi="http://www.w3.org/2001/XMLSchema-instance" xsi:noNamespaceSchemaLocation="https://maven.apache.org/surefire/maven-surefire-plugin/xsd/surefire-test-report.xsd" version="3.0.2" name="com.nolongerabandon.backend.NoLongerAbandonApplicationTests" time="1.557" tests="1" errors="0" skipped="0" failures="0">
  <properties>
[...]
</properties>
  <testcase name="contextLoads" classname="com.nolongerabandon.backend.NoLongerAbandonApplicationTests" time="0.336">
    <system-out><![CDATA[14:22:45.199 [main] INFO org.springframework.test.context.support.AnnotationConfigContextLoaderUtils -- Could not detect default configuration classes for test class [com.nolongerabandon.backend.NoLongerAbandonApplicationTests]: NoLongerAbandonApplicationTests does not declare any static, non-private, non-final, nested classes annotated with @Configuration.
14:22:45.248 [main] INFO org.springframework.boot.test.context.SpringBootTestContextBootstrapper -- Found @SpringBootConfiguration com.nolongerabandon.backend.NoLongerAbandonApplication for test class com.nolongerabandon.backend.NoLongerAbandonApplicationTests

  .   ____          _            __ _ _
 /\\ / ___'_ __ _ _(_)_ __  __ _ \ \ \ \
( ( )\___ | '_ | '_| | '_ \/ _` | \ \ \ \
 \\/  ___)| |_)| | | | | || (_| |  ) ) ) )
  '  |____| .__|_| |_|_| |_\__, | / / / /
 =========|_|==============|___/=/_/_/_/

 :: Spring Boot ::                (v3.4.4)

2026-03-31T14:22:45.409+08:00  INFO 51261 --- [NoLongerAbandon] [           main] c.n.b.NoLongerAbandonApplicationTests    : Starting NoLongerAbandonApplicationTests using Java 21.0.8 with PID 51261 (started by zhangjintao in /Users/zhangjintao/Project/NoLongerAbandon_new/backend)
2026-03-31T14:22:45.409+08:00  INFO 51261 --- [NoLongerAbandon] [           main] c.n.b.NoLongerAbandonApplicationTests    : No active profile set, falling back to 1 default profile: "default"
Logging initialized using 'class org.apache.ibatis.logging.stdout.StdOutImpl' adapter.
Get /100.64.9.90 network interface 
Get network interface info: name:en0 (en0)
Initialization Sequence datacenterId:12 workerId:16
2026-03-31T14:22:45.918+08:00  INFO 51261 --- [NoLongerAbandon] [           main] com.zaxxer.hikari.HikariDataSource       : HikariPool-1 - Starting...
2026-03-31T14:22:46.102+08:00  INFO 51261 --- [NoLongerAbandon] [           main] com.zaxxer.hikari.pool.HikariPool        : HikariPool-1 - Added connection org.sqlite.jdbc4.JDBC4Connection@9785903
2026-03-31T14:22:46.103+08:00  INFO 51261 --- [NoLongerAbandon] [           main] com.zaxxer.hikari.HikariDataSource       : HikariPool-1 - Start completed.
2026-03-31T14:22:46.355+08:00  INFO 51261 --- [NoLongerAbandon] [           main] c.n.b.NoLongerAbandonApplicationTests    : Started NoLongerAbandonApplicationTests in 1.055 seconds (process running for 1.41)
]]></system-out>
    <system-err><![CDATA[Mockito is currently self-attaching to enable the inline-mock-maker. This will no longer work in future releases of the JDK. Please add Mockito as an agent to your build what is described in Mockito's documentation: https://javadoc.io/doc/org.mockito/mockito-core/latest/org/mockito/Mockito.html#0.3
WARNING: A Java agent has been loaded dynamically (/Users/zhangjintao/repository/maven_local_repo/net/bytebuddy/byte-buddy-agent/1.15.11/byte-buddy-agent-1.15.11.jar)
WARNING: If a serviceability tool is in use, please run with -XX:+EnableDynamicAgentLoading to hide this warning
WARNING: If a serviceability tool is not in use, please run with -Djdk.instrument.traceUsage for more information
WARNING: Dynamic loading of agents will be disallowed by default in a future release
]]></system-err>
  </testcase>
</testsuite>